2023/11/10 23:27:51 Starting server on port 3000
2023/11/10 23:27:55 "POST http://localhost:3000/login HTTP/1.1" from [::1]:56012 - 200 229B in 927.417µs
2023/11/10 23:27:56 "POST http://localhost:3000/login HTTP/1.1" from [::1]:56015 - 200 229B in 84.5µs
2023/11/10 23:28:10 "POST http://localhost:3000/login HTTP/1.1" from [::1]:56041 - 200 229B in 123.833µs
2023/11/10 23:28:14 "POST http://localhost:3000/login HTTP/1.1" from [::1]:56050 - 200 229B in 113.666µs
2023/11/10 23:28:15 "POST http://localhost:3000/login HTTP/1.1" from [::1]:56055 - 200 229B in 124.542µs
2023/11/11 10:58:43 Starting server on port 3000
2023/11/11 10:58:56 "POST http://localhost:3000/login HTTP/1.1" from [::1]:49324 - 401 26B in 752.833µs
2023/11/11 10:59:01 "POST http://localhost:3000/login HTTP/1.1" from [::1]:49332 - 200 227B in 124.125µs
2023/11/11 11:10:34 Starting server on port 3000
2023/11/11 11:10:37 "POST http://localhost:3000/login HTTP/1.1" from [::1]:50109 - 200 229B in 634.167µs
2023/11/11 11:10:38 "POST http://localhost:3000/login HTTP/1.1" from [::1]:50112 - 200 229B in 102.666µs
2023/11/11 11:10:38 "POST http://localhost:3000/login HTTP/1.1" from [::1]:50116 - 200 229B in 135µs
2023/11/11 11:10:39 "POST http://localhost:3000/login HTTP/1.1" from [::1]:50119 - 200 229B in 125.583µs
2023/11/11 11:10:39 "POST http://localhost:3000/login HTTP/1.1" from [::1]:50123 - 200 229B in 81.875µs
2023/11/11 11:10:40 "POST http://localhost:3000/login HTTP/1.1" from [::1]:50126 - 200 229B in 80.125µs
2023/11/11 11:10:40 "POST http://localhost:3000/login HTTP/1.1" from [::1]:50129 - 200 229B in 84.458µs
2023/11/11 11:10:41 "POST http://localhost:3000/login HTTP/1.1" from [::1]:50133 - 200 229B in 86.167µs
2023/11/11 12:44:51 Starting server on port 3000
2023/11/11 14:32:21 Starting server on port 3000
2023/11/11 15:59:34 Starting server on port 3000
2023/11/11 15:59:44 Starting server on port 3000
2023/11/11 15:59:58 Starting server on port 3000
2023/11/11 16:00:06 Starting server on port 3000
2023/11/11 16:00:49 "POST http://localhost:3000/signup HTTP/1.1" from [::1]:50231 - 500 22B in 198.730208ms
2023/11/11 16:01:11 Starting server on port 3000
2023/11/11 16:01:15 "POST http://localhost:3000/signup HTTP/1.1" from [::1]:50265 - 500 22B in 156.433625ms
2023/11/11 16:01:35 Starting server on port 3000
2023/11/11 16:01:38 "POST http://localhost:3000/signup HTTP/1.1" from [::1]:50294 - 500 22B in 165.3515ms
2023/11/11 16:03:15 Starting server on port 3000
2023/11/11 16:06:00 Starting server on port 3000
2023/11/11 16:06:05 "POST http://localhost:3000/signup HTTP/1.1" from [::1]:50581 - 200 30B in 154.656375ms
2023/11/11 16:24:03 Starting server on port 3000
2023/11/11 16:28:41 Starting server on port 3000
2023/11/11 16:32:01 Starting server on port 3000
2023/11/11 16:35:20 Starting server on port 3000
2023/11/11 16:35:42 Starting server on port 3000
2023/11/11 16:36:21 Starting server on port 3000
2023/11/11 16:38:55 Starting server on port 3000
2023/11/11 16:39:28 "POST http://localhost:3000/signup HTTP/1.1" from [::1]:52708 - 200 30B in 165.073833ms
2023/11/11 16:39:31 "POST http://localhost:3000/signup HTTP/1.1" from [::1]:52715 - 500 22B in 155.9655ms
2023/11/11 16:40:00 Starting server on port 3000
2023/11/11 16:40:05 "POST http://localhost:3000/signup HTTP/1.1" from [::1]:52759 - 500 22B in 182.484ms
2023/11/12 01:00:11 Starting server on port 3000
2023/11/12 01:00:27 "POST http://localhost:3000/signup HTTP/1.1" from [::1]:58742 - 500 22B in 172.083ms
2023/11/12 01:00:59 "POST http://localhost:3000/signup HTTP/1.1" from [::1]:58778 - 200 30B in 159.055ms
2023/11/12 01:01:48 Starting server on port 3000
2023/11/12 01:03:08 Starting server on port 3000
2023/11/12 01:18:21 Starting server on port 3000
2023/11/12 01:18:42 "POST http://localhost:3000/signup HTTP/1.1" from [::1]:59941 - 500 22B in 158.803125ms
2023/11/12 01:20:38 Starting server on port 3000
2023/11/12 01:20:40 "POST http://localhost:3000/signup HTTP/1.1" from [::1]:60076 - 500 22B in 154.935125ms
2023/11/12 01:21:52 Starting server on port 3000
2023/11/12 01:21:56 "POST http://localhost:3000/signup HTTP/1.1" from [::1]:60164 - 500 22B in 157.341792ms
2023/11/12 01:22:00 "POST http://localhost:3000/signup HTTP/1.1" from [::1]:60173 - 200 30B in 156.735667ms
2023/11/12 01:30:18 Starting server on port 3000
2023/11/12 01:34:01 Starting server on port 3000
2023/11/12 01:35:11 Starting server on port 3000
2023/11/12 01:35:36 Starting server on port 3000
2023/11/12 01:35:38 "POST http://localhost:3000/deleteuser HTTP/1.1" from [::1]:61061 - 000 0B in 3.002375ms
2023/11/12 01:36:05 "POST http://localhost:3000/deleteuser HTTP/1.1" from [::1]:61092 - 000 0B in 2.218125ms
2023/11/12 01:36:41 Starting server on port 3000
2023/11/12 01:36:44 "POST http://localhost:3000/deleteuser HTTP/1.1" from [::1]:61137 - 000 0B in 4.178792ms
2023/11/12 01:37:01 Starting server on port 3000
2023/11/12 01:37:02 "POST http://localhost:3000/deleteuser HTTP/1.1" from [::1]:61165 - 000 0B in 2.902458ms
2023/11/12 01:37:26 "POST http://localhost:3000/deleteuser HTTP/1.1" from [::1]:61193 - 000 0B in 2.731709ms
2023/11/12 01:37:40 "POST http://localhost:3000/deleteuser HTTP/1.1" from [::1]:61212 - 000 0B in 2.081584ms
2023/11/12 01:37:42 "POST http://localhost:3000/deleteuser HTTP/1.1" from [::1]:61217 - 000 0B in 4.198583ms
2023/11/12 01:37:42 "POST http://localhost:3000/deleteuser HTTP/1.1" from [::1]:61222 - 000 0B in 1.866958ms
2023/11/12 01:37:43 "POST http://localhost:3000/deleteuser HTTP/1.1" from [::1]:61226 - 000 0B in 3.245875ms
2023/11/12 01:38:22 Starting server on port 3000
2023/11/12 01:38:26 "POST http://localhost:3000/deleteuser HTTP/1.1" from [::1]:61281 - 000 0B in 4.840666ms
2023/11/12 01:38:26 "POST http://localhost:3000/deleteuser HTTP/1.1" from [::1]:61285 - 000 0B in 2.936042ms
2023/11/12 01:38:27 "POST http://localhost:3000/deleteuser HTTP/1.1" from [::1]:61290 - 000 0B in 4.207375ms
2023/11/12 01:38:28 "POST http://localhost:3000/deleteuser HTTP/1.1" from [::1]:61295 - 000 0B in 2.817458ms
2023/11/12 01:38:38 "POST http://localhost:3000/deleteuser HTTP/1.1" from [::1]:61309 - 000 0B in 2.810125ms
2023/11/12 01:38:51 "POST http://localhost:3000/deleteuser HTTP/1.1" from [::1]:61326 - 000 0B in 2.13ms
2023/11/12 01:38:59 "POST http://localhost:3000/deleteuser HTTP/1.1" from [::1]:61338 - 000 0B in 1.381875ms
2023/11/12 01:39:08 "POST http://localhost:3000/deleteuser HTTP/1.1" from [::1]:61351 - 000 0B in 1.95775ms
2023/11/12 01:39:16 "POST http://localhost:3000/deleteuser HTTP/1.1" from [::1]:61363 - 000 0B in 1.938875ms
2023/11/12 01:39:26 "POST http://localhost:3000/deleteuser HTTP/1.1" from [::1]:61377 - 000 0B in 2.146084ms
2023/11/12 01:40:55 Starting server on port 3000
2023/11/12 01:40:59 "POST http://localhost:3000/deleteuser HTTP/1.1" from [::1]:61480 - 000 0B in 5.768334ms
2023/11/12 01:54:16 Starting server on port 3000
2023/11/12 01:55:32 Starting server on port 3000
2023/11/12 01:55:50 "POST http://localhost:3000/signup HTTP/1.1" from [::1]:62400 - 500 22B in 152.622ms
2023/11/12 01:56:04 "POST http://localhost:3000/deleteuser HTTP/1.1" from [::1]:62421 - 200 40B in 4.440917ms
2023/11/12 01:56:11 "POST http://localhost:3000/signup HTTP/1.1" from [::1]:62433 - 200 30B in 155.579417ms
2023/11/12 01:57:02 "POST http://localhost:3000/login HTTP/1.1" from [::1]:62487 - 404 15B in 1.1505ms
2023/11/12 01:57:08 "POST http://localhost:3000/login HTTP/1.1" from [::1]:62497 - 404 15B in 991.458µs
2023/11/12 01:57:21 "POST http://localhost:3000/login HTTP/1.1" from [::1]:62514 - 404 15B in 1.148375ms
2023/11/12 01:57:29 "POST http://localhost:3000/login HTTP/1.1" from [::1]:62527 - 404 15B in 2.165375ms
2023/11/12 01:59:31 Starting server on port 3000
2023/11/12 01:59:33 "POST http://localhost:3000/login HTTP/1.1" from [::1]:62660 - 404 15B in 1.575791ms
2023/11/12 01:59:36 "POST http://localhost:3000/login HTTP/1.1" from [::1]:62668 - 404 15B in 1.86825ms
2023/11/12 01:59:36 "POST http://localhost:3000/login HTTP/1.1" from [::1]:62672 - 404 15B in 2.302834ms
2023/11/12 01:59:43 "POST http://localhost:3000/signup HTTP/1.1" from [::1]:62684 - 500 22B in 152.2285ms
2023/11/12 01:59:48 "POST http://localhost:3000/deleteuser HTTP/1.1" from [::1]:62695 - 200 28B in 3.375458ms
2023/11/12 02:01:23 Starting server on port 3000
2023/11/12 02:01:37 "POST http://localhost:3000/login HTTP/1.1" from [::1]:62816 - 404 15B in 1.540542ms
2023/11/12 02:03:57 Starting server on port 3000
2023/11/12 02:04:04 "POST http://localhost:3000/login HTTP/1.1" from [::1]:62977 - 200 27B in 2.83ms
2023/11/12 02:04:09 "POST http://localhost:3000/signup HTTP/1.1" from [::1]:62986 - 500 22B in 153.330333ms
2023/11/12 02:04:20 "POST http://localhost:3000/signup HTTP/1.1" from [::1]:63003 - 500 22B in 149.078375ms
2023/11/12 02:07:31 Starting server on port 3000
2023/11/12 02:07:44 "POST http://localhost:3000/login HTTP/1.1" from [::1]:63219 - 200 27B in 2.361ms
2023/11/12 02:07:49 "POST http://localhost:3000/login HTTP/1.1" from [::1]:63228 - 200 27B in 1.287292ms
2023/11/12 02:08:00 "POST http://localhost:3000/signup HTTP/1.1" from [::1]:63243 - 200 30B in 160.165292ms
2023/11/12 02:08:08 "POST http://localhost:3000/login HTTP/1.1" from [::1]:63257 - 200 27B in 1.353291ms
2023/11/12 02:10:45 Starting server on port 3000
2023/11/12 02:10:49 "POST http://localhost:3000/login HTTP/1.1" from [::1]:63431 - 401 46B in 1.96425ms
2023/11/12 02:11:22 Starting server on port 3000
2023/11/12 02:11:25 "POST http://localhost:3000/login HTTP/1.1" from [::1]:63473 - 401 46B in 1.990917ms
2023/11/12 02:12:10 Starting server on port 3000
2023/11/12 02:12:12 "POST http://localhost:3000/login HTTP/1.1" from [::1]:63530 - 401 46B in 1.672625ms
2023/11/12 02:15:03 Starting server on port 3000
2023/11/12 02:15:23 "POST http://localhost:3000/login HTTP/1.1" from [::1]:63729 - 401 46B in 2.57975ms
2023/11/12 02:23:16 Starting server on port 3000
2023/11/12 02:23:21 "POST http://localhost:3000/login HTTP/1.1" from [::1]:64225 - 401 46B in 2.265792ms
2023/11/12 02:23:58 "POST http://localhost:3000/login HTTP/1.1" from [::1]:64267 - 200 138B in 156.350292ms
2023/11/12 02:24:10 "POST http://localhost:3000/login HTTP/1.1" from [::1]:64283 - 401 46B in 1.569375ms
2023/11/12 02:24:17 "POST http://localhost:3000/login HTTP/1.1" from [::1]:64294 - 200 138B in 158.187417ms
2023/11/12 10:26:44 Starting server on port 3000
2023/11/12 10:26:49 "POST http://localhost:3000/login HTTP/1.1" from [::1]:57409 - 200 138B in 206.655375ms
2023/11/12 10:26:52 "POST http://localhost:3000/login HTTP/1.1" from [::1]:57416 - 401 46B in 2.168125ms
2023/11/12 10:30:14 Starting server on port 3000
2023/11/12 10:30:20 "POST http://localhost:3000/signup HTTP/1.1" from [::1]:57639 - 200 30B in 169.748125ms
2023/11/13 00:04:00 Starting server on port 3000
2023/11/13 00:04:22 "POST http://localhost:3000/change-password/ HTTP/1.1" from [::1]:58740 - 404 19B in 22.209µs
2023/11/13 00:04:37 Starting server on port 3000
2023/11/13 00:04:45 "POST http://localhost:3000/change_password HTTP/1.1" from [::1]:58770 - 401 15B in 17.125µs
2023/11/13 00:05:09 "POST http://localhost:3000/login HTTP/1.1" from [::1]:58796 - 200 138B in 187.943625ms
2023/11/13 00:05:27 "POST http://localhost:3000/change_password HTTP/1.1" from [::1]:58818 - 401 15B in 52.292µs
2023/11/13 00:05:46 "POST http://localhost:3000/change_password HTTP/1.1" from [::1]:58841 - 401 15B in 46.625µs
2023/11/13 00:09:38 "POST http://localhost:3000/change_password HTTP/1.1" from [::1]:59178 - 401 15B in 1.663791ms
2023/11/13 00:10:27 "POST http://localhost:3000/change_password HTTP/1.1" from [::1]:59233 - 401 15B in 161.541µs
2023/11/13 00:11:19 "POST http://localhost:3000/change_password HTTP/1.1" from [::1]:59289 - 401 22B in 4.041875ms
2023/11/13 00:11:31 "POST http://localhost:3000/login HTTP/1.1" from [::1]:59303 - 200 138B in 220.230542ms
2023/11/13 00:11:43 "POST http://localhost:3000/change_password HTTP/1.1" from [::1]:59320 - 401 22B in 119.292µs
2023/11/13 00:14:55 Starting server on port 3000
2023/11/13 00:14:57 "POST http://localhost:3000/login HTTP/1.1" from [::1]:59718 - 200 138B in 160.045625ms
2023/11/13 00:15:13 "POST http://localhost:3000/change_password HTTP/1.1" from [::1]:59738 - 401 22B in 188.625µs
2023/11/13 00:17:38 "POST http://localhost:3000/change_password HTTP/1.1" from [::1]:59889 - 401 22B in 105.375µs
2023/11/13 00:18:00 "POST http://localhost:3000/change_password HTTP/1.1" from [::1]:59914 - 401 22B in 98µs
2023/11/13 00:18:07 "POST http://localhost:3000/change_password HTTP/1.1" from [::1]:59924 - 401 22B in 97.667µs
2023/11/13 00:18:13 "POST http://localhost:3000/change_password HTTP/1.1" from [::1]:59924 - 401 22B in 80.75µs
2023/11/13 00:18:22 "POST http://localhost:3000/change_password HTTP/1.1" from [::1]:59924 - 401 15B in 12.75µs
2023/11/13 00:18:24 "POST http://localhost:3000/change_password HTTP/1.1" from [::1]:59946 - 401 22B in 105.167µs
2023/11/13 00:18:32 "POST http://localhost:3000/change_password HTTP/1.1" from [::1]:59957 - 401 22B in 94.5µs
2023/11/13 00:22:51 Starting server on port 3000
2023/11/13 00:22:58 "POST http://localhost:3000/login HTTP/1.1" from [::1]:60241 - 200 138B in 154.486333ms
2023/11/13 00:23:10 "POST http://localhost:3000/change_password HTTP/1.1" from [::1]:60257 - 401 22B in 236.875µs
2023/11/13 00:25:20 "POST http://localhost:3000/change_password HTTP/1.1" from [::1]:60395 - 401 22B in 97.5µs
2023/11/13 00:25:41 "POST http://localhost:3000/change_password HTTP/1.1" from [::1]:60419 - 401 22B in 58.625µs
2023/11/13 00:25:46 "POST http://localhost:3000/change_password HTTP/1.1" from [::1]:60427 - 401 15B in 29.208µs
2023/11/13 00:25:52 "POST http://localhost:3000/change_password HTTP/1.1" from [::1]:60435 - 401 15B in 28.167µs
2023/11/13 00:25:54 "POST http://localhost:3000/change_password HTTP/1.1" from [::1]:60441 - 401 15B in 34.5µs
2023/11/13 00:25:59 "POST http://localhost:3000/change_password HTTP/1.1" from [::1]:60448 - 401 15B in 29.542µs
2023/11/13 00:26:01 "POST http://localhost:3000/change_password HTTP/1.1" from [::1]:60454 - 401 22B in 101.208µs
2023/11/13 00:31:50 Starting server on port 3000
2023/11/13 00:32:11 "POST http://localhost:3000/api/login HTTP/1.1" from [::1]:60851 - 200 138B in 161.736583ms
2023/11/13 00:32:21 "POST http://localhost:3000/api/change_password HTTP/1.1" from [::1]:60867 - 401 22B in 131.25µs
2023/11/15 19:27:58 Starting server on port 3000
2023/11/15 19:31:50 Starting server on port 3000
2023/11/15 19:32:25 "OPTIONS http://localhost:3030/api/signup HTTP/1.1" from [::1]:50620 - 401 15B in 146.375µs
2023/11/16 00:56:48 Starting server on port 8080
2023/11/16 00:56:59 "OPTIONS http://localhost:8080/api/signup HTTP/1.1" from [::1]:57113 - 401 15B in 115.667µs
2023/11/16 01:00:27 Starting server on port 8080
2023/11/16 01:00:32 "POST http://localhost:8080/api/signup HTTP/1.1" from [::1]:58192 - 200 30B in 176.617875ms
2023/11/16 01:00:42 "POST http://localhost:8080/api/signup HTTP/1.1" from [::1]:58192 - 500 22B in 273.688917ms
2023/11/16 01:05:48 "POST http://localhost:8080/api/signup HTTP/1.1" from [::1]:59809 - 200 30B in 162.892583ms
2023/11/16 01:05:54 "POST http://localhost:8080/api/signup HTTP/1.1" from [::1]:59809 - 500 22B in 163.503292ms
2023/11/16 01:08:58 "POST http://localhost:8080/api/signup HTTP/1.1" from [::1]:59809 - 200 30B in 157.480083ms
2023/11/16 01:09:02 "POST http://localhost:8080/api/signup HTTP/1.1" from [::1]:59809 - 500 22B in 157.219792ms
2023/11/16 01:09:03 "POST http://localhost:8080/api/signup HTTP/1.1" from [::1]:59809 - 500 22B in 153.783209ms
2023/11/16 01:09:07 "POST http://localhost:8080/api/signup HTTP/1.1" from [::1]:59809 - 200 30B in 152.672709ms
2023/11/16 01:09:10 "POST http://localhost:8080/api/signup HTTP/1.1" from [::1]:59809 - 500 22B in 159.306416ms
2023/11/16 01:09:15 "POST http://localhost:8080/api/signup HTTP/1.1" from [::1]:59809 - 500 22B in 155.515875ms
2023/11/16 01:09:21 "POST http://localhost:8080/api/signup HTTP/1.1" from [::1]:59809 - 500 22B in 156.113708ms
2023/11/16 01:13:28 "POST http://localhost:8080/api/login HTTP/1.1" from [::1]:59809 - 200 140B in 152.695542ms
2023/11/16 01:13:31 "POST http://localhost:8080/api/login HTTP/1.1" from [::1]:59809 - 401 46B in 3.692375ms
2023/11/16 01:13:36 "POST http://localhost:8080/api/login HTTP/1.1" from [::1]:59809 - 200 140B in 154.664208ms
2023/11/16 01:17:42 "POST http://localhost:8080/api/login HTTP/1.1" from [::1]:59809 - 200 140B in 151.454917ms
